<?xml version="1.0" encoding="UTF-8"?>
<!-- Generated by org.testng.reporters.JUnitReportReporter -->
<testsuite hostname="LAPTOP-1HFOI5V8" failures="0" tests="3" name="testNgDataProvider.FBSignUpPage" time="183.439" errors="0" timestamp="2024-07-25T13:53:07 IST" skipped="0">
  <testcase classname="testNgDataProvider.FBSignUpPage" name="f" time="78.585"/>
  <testcase classname="testNgDataProvider.FBSignUpPage" name="f" time="43.978"/>
  <testcase classname="testNgDataProvider.FBSignUpPage" name="f" time="60.876"/>
</testsuite> <!-- testNgDataProvider.FBSignUpPage -->
