<?xml version="1.0" encoding="UTF-8"?>
<!-- Generated by org.testng.reporters.JUnitReportReporter -->
<testsuite hostname="LAPTOP-1HFOI5V8" failures="0" tests="2" name="coverFoxAddressDetailsPageValidation.CoverFox5ValidateErrorMassage" time="0.141" errors="0" timestamp="2024-07-30T12:45:40 IST" skipped="0">
  <testcase classname="coverFoxAddressDetailsPageValidation.CoverFox5ValidateErrorMassage" name="validateErrorMassageOfPinCode" time="0.015"/>
  <testcase classname="coverFoxAddressDetailsPageValidation.CoverFox5ValidateErrorMassage" name="validateErrorMassageOfMobNo" time="0.126"/>
</testsuite> <!-- coverFoxAddressDetailsPageValidation.CoverFox5ValidateErrorMassage -->
