<?xml version="1.0" encoding="UTF-8"?>
<!-- Generated by org.testng.reporters.JUnitReportReporter -->
<testsuite hostname="LAPTOP-1HFOI5V8" failures="1" tests="4" name="testNgListenerStudy.MyClass" time="0.022" errors="0" timestamp="2024-08-08T13:35:50 IST" skipped="1">
  <testcase classname="testNgListenerStudy.MyClass" name="b" time="0.015">
    <failure message="failed methods" type="java.lang.AssertionError">
      <![CDATA[java.lang.AssertionError: failed methods
at org.testng.Assert.fail(Assert.java:111)
at testNgListenerStudy.MyClass.b(MyClass.java:19)
at java.base/jdk.internal.reflect.DirectMethodHandleAccessor.invoke(DirectMethodHandleAccessor.java:103)
at java.base/java.lang.reflect.Method.invoke(Method.java:580)
at org.testng.internal.invokers.MethodInvocationHelper.invokeMethod(MethodInvocationHelper.java:141)
at org.testng.internal.invokers.TestInvoker.invokeMethod(TestInvoker.java:686)
at org.testng.internal.invokers.TestInvoker.invokeTestMethod(TestInvoker.java:230)
at org.testng.internal.invokers.MethodRunner.runInSequence(MethodRunner.java:63)
at org.testng.internal.invokers.TestInvoker$MethodInvocationAgent.invoke(TestInvoker.java:992)
at org.testng.internal.invokers.TestInvoker.invokeTestMethods(TestInvoker.java:203)
at org.testng.internal.invokers.TestMethodWorker.invokeTestMethods(TestMethodWorker.java:154)
at org.testng.internal.invokers.TestMethodWorker.run(TestMethodWorker.java:134)
at java.base/java.util.ArrayList.forEach(ArrayList.java:1597)
at org.testng.TestRunner.privateRun(TestRunner.java:739)
at org.testng.TestRunner.run(TestRunner.java:614)
at org.testng.SuiteRunner.runTest(SuiteRunner.java:421)
at org.testng.SuiteRunner.runSequentially(SuiteRunner.java:413)
at org.testng.SuiteRunner.privateRun(SuiteRunner.java:373)
at org.testng.SuiteRunner.run(SuiteRunner.java:312)
at org.testng.SuiteRunnerWorker.runSuite(SuiteRunnerWorker.java:52)
at org.testng.SuiteRunnerWorker.run(SuiteRunnerWorker.java:95)
at org.testng.TestNG.runSuitesSequentially(TestNG.java:1274)
at org.testng.TestNG.runSuitesLocally(TestNG.java:1208)
at org.testng.TestNG.runSuites(TestNG.java:1112)
at org.testng.TestNG.run(TestNG.java:1079)
at org.testng.remote.AbstractRemoteTestNG.run(AbstractRemoteTestNG.java:115)
at org.testng.remote.RemoteTestNG.initAndRun(RemoteTestNG.java:293)
at org.testng.remote.RemoteTestNG.main(RemoteTestNG.java:91)
]]>
    </failure>
    <system-out>
      <![CDATA[bMethods is started
bmethods is failed]]>
    </system-out>
  </testcase> <!-- b -->
  <testcase classname="testNgListenerStudy.MyClass" name="a" time="0.000">
    <skipped/>
    <system-out>
      <![CDATA[amethods is skipped]]>
    </system-out>
  </testcase> <!-- a -->
  <testcase classname="testNgListenerStudy.MyClass" name="d" time="0.005">
    <system-out>
      <![CDATA[dMethods is started
d is running 
dmethods is successfull executed]]>
    </system-out>
  </testcase> <!-- d -->
  <testcase classname="testNgListenerStudy.MyClass" name="c" time="0.002">
    <system-out>
      <![CDATA[cMethods is started
c is running 
cmethods is successfull executed]]>
    </system-out>
  </testcase> <!-- c -->
  <system-out>
    <![CDATA[bMethods is started
bmethods is failed
cMethods is started
c is running 
cmethods is successfull executed
dMethods is started
d is running 
dmethods is successfull executed
aMethods is started
amethods is skipped]]>
  </system-out>
</testsuite> <!-- testNgListenerStudy.MyClass -->
