<?xml version="1.0" encoding="UTF-8"?>
<!-- Generated by org.testng.reporters.JUnitReportReporter -->
<testsuite hostname="LAPTOP-1HFOI5V8" failures="0" tests="2" name="testngXmlStudy.Sample1" time="0.015" errors="0" timestamp="2024-07-20T15:28:57 IST" skipped="0">
  <testcase classname="testngXmlStudy.Sample1" name="a" time="0.013">
    <system-out>
      <![CDATA[A methods is run]]>
    </system-out>
  </testcase> <!-- a -->
  <testcase classname="testngXmlStudy.Sample1" name="b" time="0.002">
    <system-out>
      <![CDATA[B methods is run]]>
    </system-out>
  </testcase> <!-- b -->
  <system-out>
    <![CDATA[A methods is run
B methods is run
F methods is run
G methods is run]]>
  </system-out>
</testsuite> <!-- testngXmlStudy.Sample1 -->
