<?xml version="1.0" encoding="UTF-8"?>
<!-- Generated by org.testng.reporters.JUnitReportReporter -->
<testsuite hostname="LAPTOP-1HFOI5V8" failures="0" tests="4" name="testNGKeyword.EnabledTest" time="0.021" errors="0" timestamp="2024-07-20T13:24:07 IST" skipped="2">
  <testcase classname="testNGKeyword.EnabledTest" name="c" time="0.014">
    <system-out>
      <![CDATA[c is running]]>
    </system-out>
  </testcase> <!-- c -->
  <testcase classname="testNGKeyword.EnabledTest" name="d" time="0.007">
    <system-out>
      <![CDATA[d is running]]>
    </system-out>
  </testcase> <!-- d -->
  <testcase classname="testNGKeyword.EnabledTest" name="a">
    <skipped/>
  </testcase> <!-- a -->
  <testcase classname="testNGKeyword.EnabledTest" name="b">
    <skipped/>
  </testcase> <!-- b -->
  <system-out>
    <![CDATA[c is running
d is running]]>
  </system-out>
</testsuite> <!-- testNGKeyword.EnabledTest -->
