<?xml version="1.0" encoding="UTF-8"?>
<!-- Generated by org.testng.reporters.JUnitReportReporter -->
<testsuite hostname="LAPTOP-1HFOI5V8" failures="0" tests="4" name="testNGKeyword.PriorityTest" time="0.034" errors="0" timestamp="2024-07-20T13:16:57 IST" skipped="0">
  <testcase classname="testNGKeyword.PriorityTest" name="d" time="0.008">
    <system-out>
      <![CDATA[D methods is run]]>
    </system-out>
  </testcase> <!-- d -->
  <testcase classname="testNGKeyword.PriorityTest" name="c" time="0.012">
    <system-out>
      <![CDATA[C methods is run]]>
    </system-out>
  </testcase> <!-- c -->
  <testcase classname="testNGKeyword.PriorityTest" name="a" time="0.008">
    <system-out>
      <![CDATA[A methods is run]]>
    </system-out>
  </testcase> <!-- a -->
  <testcase classname="testNGKeyword.PriorityTest" name="b" time="0.006">
    <system-out>
      <![CDATA[B methods is run]]>
    </system-out>
  </testcase> <!-- b -->
  <system-out>
    <![CDATA[before methods
D methods is run
after methods
before methods
C methods is run
after methods
before methods
A methods is run
after methods
before methods
B methods is run
after methods]]>
  </system-out>
</testsuite> <!-- testNGKeyword.PriorityTest -->
