<?xml version="1.0" encoding="UTF-8"?>
<!-- Generated by org.testng.reporters.JUnitReportReporter -->
<testsuite hostname="LAPTOP-1HFOI5V8" failures="0" tests="1" name="testNgDataProvider.PropertiesFileSwagLabLogin" time="37.914" errors="0" timestamp="2024-07-29T16:32:44 IST" skipped="0">
  <testcase classname="testNgDataProvider.PropertiesFileSwagLabLogin" name="loginSwagLabUsingPropertyFile" time="37.914"/>
</testsuite> <!-- testNgDataProvider.PropertiesFileSwagLabLogin -->
