<?xml version="1.0" encoding="UTF-8"?>
<!-- Generated by org.testng.reporters.JUnitReportReporter -->
<testsuite hostname="LAPTOP-1HFOI5V8" failures="0" tests="3" name="testNGKeyword.DependsOnMethods" time="0.020" errors="0" timestamp="2024-07-20T13:41:34 IST" skipped="0">
  <testcase classname="testNGKeyword.DependsOnMethods" name="b" time="0.002">
    <system-out>
      <![CDATA[B methods is run]]>
    </system-out>
  </testcase> <!-- b -->
  <testcase classname="testNGKeyword.DependsOnMethods" name="a" time="0.005">
    <system-out>
      <![CDATA[A methods is run]]>
    </system-out>
  </testcase> <!-- a -->
  <testcase classname="testNGKeyword.DependsOnMethods" name="c" time="0.013">
    <system-out>
      <![CDATA[C methods is run]]>
    </system-out>
  </testcase> <!-- c -->
  <system-out>
    <![CDATA[C methods is run
B methods is run
A methods is run]]>
  </system-out>
</testsuite> <!-- testNGKeyword.DependsOnMethods -->
