<?xml version="1.0" encoding="UTF-8"?>
<!-- Generated by org.testng.reporters.JUnitReportReporter -->
<testsuite hostname="LAPTOP-1HFOI5V8" failures="0" tests="2" name="coverfoxUsingPomAndTestng.CoverFox6TestCases" time="2.657" errors="0" timestamp="2024-07-29T15:15:53 IST" skipped="0">
  <testcase classname="coverfoxUsingPomAndTestng.CoverFox6TestCases" name="validateTestPlanElement" time="0.234"/>
  <testcase classname="coverfoxUsingPomAndTestng.CoverFox6TestCases" name="validateBanners" time="2.423"/>
</testsuite> <!-- coverfoxUsingPomAndTestng.CoverFox6TestCases -->
