<?xml version="1.0" encoding="UTF-8"?>
<!-- Generated by org.testng.reporters.JUnitReportReporter -->
<testsuite hostname="LAPTOP-1HFOI5V8" failures="0" tests="2" name="testngXmlStudy.Test1" time="0.013" errors="0" timestamp="2024-07-20T15:18:28 IST" skipped="0">
  <testcase classname="testngXmlStudy.Test1" name="a" time="0.011">
    <system-out>
      <![CDATA[A method is run]]>
    </system-out>
  </testcase> <!-- a -->
  <testcase classname="testngXmlStudy.Test1" name="b" time="0.002">
    <system-out>
      <![CDATA[B methods is run]]>
    </system-out>
  </testcase> <!-- b -->
  <system-out>
    <![CDATA[A method is run
B methods is run]]>
  </system-out>
</testsuite> <!-- testngXmlStudy.Test1 -->
