<?xml version="1.0" encoding="UTF-8"?>
<!-- Generated by org.testng.reporters.JUnitReportReporter -->
<testsuite hostname="LAPTOP-1HFOI5V8" failures="0" tests="3" name="testNGStudy.AnotationStudy" time="0.047" errors="0" timestamp="2024-07-14T14:38:20 IST" skipped="0">
  <testcase classname="testNGStudy.AnotationStudy" name="f4" time="0.004">
    <system-out>
      <![CDATA[second methods]]>
    </system-out>
  </testcase> <!-- f4 -->
  <testcase classname="testNGStudy.AnotationStudy" name="f" time="0.023">
    <system-out>
      <![CDATA[f methods of a test]]>
    </system-out>
  </testcase> <!-- f -->
  <testcase classname="testNGStudy.AnotationStudy" name="main" time="0.020">
    <system-out>
      <![CDATA[first methods]]>
    </system-out>
  </testcase> <!-- main -->
  <system-out>
    <![CDATA[ before methods
f methods of a test
after methods
 before methods
second methods
after methods
 before methods
first methods
after methods]]>
  </system-out>
</testsuite> <!-- testNGStudy.AnotationStudy -->
