<?xml version="1.0" encoding="UTF-8"?>
<!-- Generated by org.testng.reporters.JUnitReportReporter -->
<testsuite hostname="LAPTOP-1HFOI5V8" failures="0" tests="4" name="testngXmlStudy.Test2" time="0.018" errors="0" timestamp="2024-07-20T14:38:35 IST" skipped="0">
  <testcase classname="testngXmlStudy.Test2" name="e" time="0.002">
    <system-out>
      <![CDATA[E methods is run]]>
    </system-out>
  </testcase> <!-- e -->
  <testcase classname="testngXmlStudy.Test2" name="h" time="0.003">
    <system-out>
      <![CDATA[H methods is run]]>
    </system-out>
  </testcase> <!-- h -->
  <testcase classname="testngXmlStudy.Test2" name="f" time="0.007">
    <system-out>
      <![CDATA[F methods is run]]>
    </system-out>
  </testcase> <!-- f -->
  <testcase classname="testngXmlStudy.Test2" name="g" time="0.006">
    <system-out>
      <![CDATA[G methods is run]]>
    </system-out>
  </testcase> <!-- g -->
  <system-out>
    <![CDATA[A method is run
B methods is run
C methods is run
D methods is run
E methods is run
F methods is run
G methods is run
H methods is run
I methods is run
J methods is run
K methods is run
L methods is run]]>
  </system-out>
</testsuite> <!-- testngXmlStudy.Test2 -->
