<?xml version="1.0" encoding="UTF-8"?>
<!-- Generated by org.testng.reporters.JUnitReportReporter -->
<testsuite hostname="LAPTOP-1HFOI5V8" failures="0" tests="3" name="testNGStudy.TestNgAnnotationStudy" time="0.026" errors="0" timestamp="2024-07-31T19:31:05 IST" skipped="0">
  <testcase classname="testNGStudy.TestNgAnnotationStudy" name="ValidatePin" time="0.006">
    <system-out>
      <![CDATA[Test1 Methods]]>
    </system-out>
  </testcase> <!-- ValidatePin -->
  <testcase classname="testNGStudy.TestNgAnnotationStudy" name="ValidateUserId" time="0.015">
    <system-out>
      <![CDATA[Test2 methods]]>
    </system-out>
  </testcase> <!-- ValidateUserId -->
  <testcase classname="testNGStudy.TestNgAnnotationStudy" name="ValidatePin" time="0.005">
    <system-out>
      <![CDATA[Test1 Methods]]>
    </system-out>
  </testcase> <!-- ValidatePin -->
  <system-out>
    <![CDATA[before class
before methods
Test2 methods
After metjods
before methods
Test1 Methods
After metjods
before methods
Test1 Methods
After metjods
After class]]>
  </system-out>
</testsuite> <!-- testNGStudy.TestNgAnnotationStudy -->
