<?xml version="1.0" encoding="UTF-8"?>
<!-- Generated by org.testng.reporters.JUnitReportReporter -->
<testsuite hostname="LAPTOP-1HFOI5V8" failures="0" tests="2" name="testngXmlStudy.Sample2" time="0.004" errors="0" timestamp="2024-07-20T15:28:57 IST" skipped="0">
  <testcase classname="testngXmlStudy.Sample2" name="f" time="0.002">
    <system-out>
      <![CDATA[F methods is run]]>
    </system-out>
  </testcase> <!-- f -->
  <testcase classname="testngXmlStudy.Sample2" name="h" time="0.002">
    <system-out>
      <![CDATA[G methods is run]]>
    </system-out>
  </testcase> <!-- h -->
  <system-out>
    <![CDATA[A methods is run
B methods is run
F methods is run
G methods is run]]>
  </system-out>
</testsuite> <!-- testngXmlStudy.Sample2 -->
