<?xml version="1.0" encoding="UTF-8"?>
<!-- Generated by org.testng.reporters.JUnitReportReporter -->
<testsuite hostname="LAPTOP-1HFOI5V8" failures="0" tests="4" name="testngXmlStudy.TestNgFailedreport" time="0.025" errors="0" timestamp="2024-07-26T19:42:24 IST" skipped="0">
  <testcase classname="testngXmlStudy.TestNgFailedreport" name="a" time="0.013">
    <system-out>
      <![CDATA[a runs]]>
    </system-out>
  </testcase> <!-- a -->
  <testcase classname="testngXmlStudy.TestNgFailedreport" name="b" time="0.004">
    <system-out>
      <![CDATA[b runs]]>
    </system-out>
  </testcase> <!-- b -->
  <testcase classname="testngXmlStudy.TestNgFailedreport" name="c" time="0.004">
    <system-out>
      <![CDATA[c runs]]>
    </system-out>
  </testcase> <!-- c -->
  <testcase classname="testngXmlStudy.TestNgFailedreport" name="d" time="0.004">
    <system-out>
      <![CDATA[d runs]]>
    </system-out>
  </testcase> <!-- d -->
  <system-out>
    <![CDATA[a runs
b runs
c runs
d runs]]>
  </system-out>
</testsuite> <!-- testngXmlStudy.TestNgFailedreport -->
