<?xml version="1.0" encoding="UTF-8"?>
<!-- Generated by org.testng.reporters.JUnitReportReporter -->
<testsuite hostname="LAPTOP-1HFOI5V8" failures="0" tests="1" name="testngVerification.AssertTrueFalse" time="0.018" errors="0" timestamp="2024-08-07T15:39:17 IST" skipped="0">
  <testcase classname="testngVerification.AssertTrueFalse" name="f" time="0.018"/>
</testsuite> <!-- testngVerification.AssertTrueFalse -->
