<?xml version="1.0" encoding="UTF-8"?>
<!-- Generated by org.testng.reporters.JUnitReportReporter -->
<testsuite hostname="LAPTOP-1HFOI5V8" failures="0" tests="2" name="testNGStudy.AfterBeforeClassAnnotation" time="0.021" errors="0" timestamp="2024-07-30T13:42:19 IST" skipped="0">
  <testcase classname="testNGStudy.AfterBeforeClassAnnotation" name="f" time="0.016">
    <system-out>
      <![CDATA[Test f1 methods]]>
    </system-out>
  </testcase> <!-- f -->
  <testcase classname="testNGStudy.AfterBeforeClassAnnotation" name="f5" time="0.005">
    <system-out>
      <![CDATA[2nd test methods]]>
    </system-out>
  </testcase> <!-- f5 -->
  <system-out>
    <![CDATA[Before class
Before methods
another before methods
Test f1 methods
After methods
Before methods
another before methods
2nd test methods
After methods
After class]]>
  </system-out>
</testsuite> <!-- testNGStudy.AfterBeforeClassAnnotation -->
