<?xml version="1.0" encoding="UTF-8"?>
<!-- Generated by org.testng.reporters.JUnitReportReporter -->
<testsuite hostname="LAPTOP-1HFOI5V8" failures="0" tests="1" name="testngSerialParallelExicution.FlipKart" time="57.734" errors="0" timestamp="2024-07-22T14:17:48 IST" skipped="0">
  <testcase classname="testngSerialParallelExicution.FlipKart" name="flipKart" time="57.734"/>
</testsuite> <!-- testngSerialParallelExicution.FlipKart -->
