<?xml version="1.0" encoding="UTF-8"?>
<!-- Generated by org.testng.reporters.JUnitReportReporter -->
<testsuite hostname="LAPTOP-1HFOI5V8" failures="0" tests="7" name="testNGKeyword.multipleKeyword" time="0.026" errors="0" timestamp="2024-07-20T14:14:06 IST" skipped="0">
  <testcase classname="testNGKeyword.multipleKeyword" name="c" time="0.004">
    <system-out>
      <![CDATA[C methods is run]]>
    </system-out>
  </testcase> <!-- c -->
  <testcase classname="testNGKeyword.multipleKeyword" name="c" time="0.013">
    <system-out>
      <![CDATA[C methods is run]]>
    </system-out>
  </testcase> <!-- c -->
  <testcase classname="testNGKeyword.multipleKeyword" name="c" time="0.001">
    <system-out>
      <![CDATA[C methods is run]]>
    </system-out>
  </testcase> <!-- c -->
  <testcase classname="testNGKeyword.multipleKeyword" name="b" time="0.002">
    <system-out>
      <![CDATA[B methods is run]]>
    </system-out>
  </testcase> <!-- b -->
  <testcase classname="testNGKeyword.multipleKeyword" name="a" time="0.002">
    <system-out>
      <![CDATA[A methods is run]]>
    </system-out>
  </testcase> <!-- a -->
  <testcase classname="testNGKeyword.multipleKeyword" name="b" time="0.002">
    <system-out>
      <![CDATA[B methods is run]]>
    </system-out>
  </testcase> <!-- b -->
  <testcase classname="testNGKeyword.multipleKeyword" name="b" time="0.002">
    <system-out>
      <![CDATA[B methods is run]]>
    </system-out>
  </testcase> <!-- b -->
  <system-out>
    <![CDATA[C methods is run
C methods is run
C methods is run
A methods is run
B methods is run
B methods is run
B methods is run]]>
  </system-out>
</testsuite> <!-- testNGKeyword.multipleKeyword -->
