<?xml version="1.0" encoding="UTF-8"?>
<!-- Generated by org.testng.reporters.JUnitReportReporter -->
<testsuite hostname="LAPTOP-1HFOI5V8" failures="0" tests="5" name="testNGKeyword.InvocationCountStudy" time="0.048" errors="0" timestamp="2024-07-20T13:07:42 IST" skipped="0">
  <testcase classname="testNGKeyword.InvocationCountStudy" name="f1" time="0.003">
    <system-out>
      <![CDATA[f1 is runns]]>
    </system-out>
  </testcase> <!-- f1 -->
  <testcase classname="testNGKeyword.InvocationCountStudy" name="f1" time="0.003">
    <system-out>
      <![CDATA[f1 is runns]]>
    </system-out>
  </testcase> <!-- f1 -->
  <testcase classname="testNGKeyword.InvocationCountStudy" name="f1" time="0.001">
    <system-out>
      <![CDATA[f1 is runns]]>
    </system-out>
  </testcase> <!-- f1 -->
  <testcase classname="testNGKeyword.InvocationCountStudy" name="f" time="0.036">
    <system-out>
      <![CDATA[F methods is runns]]>
    </system-out>
  </testcase> <!-- f -->
  <testcase classname="testNGKeyword.InvocationCountStudy" name="f" time="0.005">
    <system-out>
      <![CDATA[F methods is runns]]>
    </system-out>
  </testcase> <!-- f -->
  <system-out>
    <![CDATA[before methods
F methods is runns
before methods
F methods is runns
before methods
f1 is runns
before methods
f1 is runns
before methods
f1 is runns]]>
  </system-out>
</testsuite> <!-- testNGKeyword.InvocationCountStudy -->
