<?xml version="1.0" encoding="UTF-8"?>
<!-- Generated by org.testng.reporters.JUnitReportReporter -->
<testsuite hostname="LAPTOP-1HFOI5V8" failures="0" tests="5" name="testNgDataProvider.FaceBookExcel" time="222.741" errors="0" timestamp="2024-07-26T19:35:58 IST" skipped="0">
  <testcase classname="testNgDataProvider.FaceBookExcel" name="Test" time="36.804"/>
  <testcase classname="testNgDataProvider.FaceBookExcel" name="Test" time="35.999"/>
  <testcase classname="testNgDataProvider.FaceBookExcel" name="Test" time="38.516"/>
  <testcase classname="testNgDataProvider.FaceBookExcel" name="Test" time="47.020"/>
  <testcase classname="testNgDataProvider.FaceBookExcel" name="Test" time="64.402"/>
</testsuite> <!-- testNgDataProvider.FaceBookExcel -->
