<?xml version="1.0" encoding="UTF-8"?>
<!-- Generated by org.testng.reporters.JUnitReportReporter -->
<testsuite hostname="LAPTOP-1HFOI5V8" failures="0" tests="3" name="testngCBT.CrossBrowserTest" time="250.321" errors="0" timestamp="2024-07-24T21:16:50 IST" skipped="0">
  <testcase classname="testngCBT.CrossBrowserTest" name="cbt" time="68.647"/>
  <testcase classname="testngCBT.CrossBrowserTest" name="cbt" time="100.751"/>
  <testcase classname="testngCBT.CrossBrowserTest" name="cbt" time="80.923"/>
</testsuite> <!-- testngCBT.CrossBrowserTest -->
