<?xml version="1.0" encoding="UTF-8"?>
<!-- Generated by org.testng.reporters.JUnitReportReporter -->
<testsuite hostname="LAPTOP-1HFOI5V8" failures="0" tests="1" name="testNGStudy.Demo" time="0.019" errors="0" timestamp="2024-07-14T14:22:52 IST" skipped="0">
  <testcase classname="testNGStudy.Demo" name="f" time="0.019">
    <system-out>
      <![CDATA[Vaibhav Kharat]]>
    </system-out>
  </testcase> <!-- f -->
  <system-out>
    <![CDATA[Vaibhav Kharat]]>
  </system-out>
</testsuite> <!-- testNGStudy.Demo -->
