<?xml version="1.0" encoding="UTF-8"?>
<!-- Generated by org.testng.reporters.JUnitReportReporter -->
<testsuite hostname="LAPTOP-1HFOI5V8" failures="0" tests="4" name="testngXmlStudy.Test3" time="0.013" errors="0" timestamp="2024-07-20T14:40:01 IST" skipped="0">
  <testcase classname="testngXmlStudy.Test3" name="l" time="0.002">
    <system-out>
      <![CDATA[L methods is run]]>
    </system-out>
  </testcase> <!-- l -->
  <testcase classname="testngXmlStudy.Test3" name="i" time="0.005">
    <system-out>
      <![CDATA[I methods is run]]>
    </system-out>
  </testcase> <!-- i -->
  <testcase classname="testngXmlStudy.Test3" name="j" time="0.004">
    <system-out>
      <![CDATA[J methods is run]]>
    </system-out>
  </testcase> <!-- j -->
  <testcase classname="testngXmlStudy.Test3" name="k" time="0.002">
    <system-out>
      <![CDATA[K methods is run]]>
    </system-out>
  </testcase> <!-- k -->
  <system-out>
    <![CDATA[A method is run
B methods is run
C methods is run
D methods is run
I methods is run
J methods is run
K methods is run
L methods is run]]>
  </system-out>
</testsuite> <!-- testngXmlStudy.Test3 -->
