<?xml version="1.0" encoding="UTF-8"?>
<!-- Generated by org.testng.reporters.JUnitReportReporter -->
<testsuite hostname="LAPTOP-1HFOI5V8" failures="0" tests="2" name="testNGKeyword.TimeOutTest" time="9.024" errors="0" timestamp="2024-07-20T13:36:45 IST" skipped="0">
  <testcase classname="testNGKeyword.TimeOutTest" name="a" time="9.020">
    <system-out>
      <![CDATA[A methods is run]]>
    </system-out>
  </testcase> <!-- a -->
  <testcase classname="testNGKeyword.TimeOutTest" name="b" time="0.004">
    <system-out>
      <![CDATA[B methods is run]]>
    </system-out>
  </testcase> <!-- b -->
  <system-out>
    <![CDATA[A methods is run
B methods is run]]>
  </system-out>
</testsuite> <!-- testNGKeyword.TimeOutTest -->
