<?xml version="1.0" encoding="UTF-8"?>
<!-- Generated by org.testng.reporters.JUnitReportReporter -->
<testsuite hostname="LAPTOP-1HFOI5V8" failures="0" tests="1" name="testngVerification.AssetEqualNotEquals" time="0.026" errors="0" timestamp="2024-07-24T19:44:39 IST" skipped="0">
  <testcase classname="testngVerification.AssetEqualNotEquals" name="f" time="0.026"/>
</testsuite> <!-- testngVerification.AssetEqualNotEquals -->
